c:\users\пользователь\source\repos\neutronium\neutroniumcore\example\vc143.pdb
c:\users\пользователь\source\repos\neutronium\neutroniumcore\example\vc143.idb
c:\users\пользователь\source\repos\neutronium\neutroniumcore\example\utilities.obj
c:\users\пользователь\source\repos\neutronium\neutroniumcore\example\timer.obj
c:\users\пользователь\source\repos\neutronium\neutroniumcore\example\string.obj
c:\users\пользователь\source\repos\neutronium\neutroniumcore\example\serialization.obj
c:\users\пользователь\source\repos\neutronium\neutroniumcore\example\vectors.obj
c:\users\пользователь\source\repos\neutronium\neutroniumcore\example\log.obj
c:\users\пользователь\source\repos\neutronium\neutroniumcore\example\json.obj
c:\users\пользователь\source\repos\neutronium\neutroniumcore\example\input.obj
c:\users\пользователь\source\repos\neutronium\neutroniumcore\example\console.obj
c:\users\пользователь\source\repos\neutronium\neutroniumcore\example\neutroniumcore32d.ilk
c:\users\пользователь\source\repos\neutronium\bin\neutroniumcore32d.dll
c:\users\пользователь\source\repos\neutronium\bin\neutroniumcore32d.pdb
c:\users\пользователь\source\repos\neutronium\bin\neutroniumcore32d.lib
c:\users\пользователь\source\repos\neutronium\bin\neutroniumcore32d.exp
c:\users\пользователь\source\repos\neutronium\neutroniumcore\example\neutroniumcore.tlog\cl.command.1.tlog
c:\users\пользователь\source\repos\neutronium\neutroniumcore\example\neutroniumcore.tlog\cl.read.1.tlog
c:\users\пользователь\source\repos\neutronium\neutroniumcore\example\neutroniumcore.tlog\cl.write.1.tlog
c:\users\пользователь\source\repos\neutronium\neutroniumcore\example\neutroniumcore.tlog\link.command.1.tlog
c:\users\пользователь\source\repos\neutronium\neutroniumcore\example\neutroniumcore.tlog\link.read.1.tlog
c:\users\пользователь\source\repos\neutronium\neutroniumcore\example\neutroniumcore.tlog\link.write.1.tlog
c:\users\пользователь\source\repos\neutronium\neutroniumcore\example\neutroniumcore.tlog\neutroniumcore.write.1u.tlog
