c:\users\пользователь\source\repos\neutronium\neutroniumcore\debug\vc143.pdb
c:\users\пользователь\source\repos\neutronium\neutroniumcore\debug\vc143.idb
c:\users\пользователь\source\repos\neutronium\neutroniumcore\debug\utilities.obj
c:\users\пользователь\source\repos\neutronium\neutroniumcore\debug\timer.obj
c:\users\пользователь\source\repos\neutronium\neutroniumcore\debug\string.obj
c:\users\пользователь\source\repos\neutronium\neutroniumcore\debug\serialization.obj
c:\users\пользователь\source\repos\neutronium\neutroniumcore\debug\log.obj
c:\users\пользователь\source\repos\neutronium\neutroniumcore\debug\json.obj
c:\users\пользователь\source\repos\neutronium\neutroniumcore\debug\input.obj
c:\users\пользователь\source\repos\neutronium\neutroniumcore\debug\console.obj
c:\users\пользователь\source\repos\neutronium\bin\debug\neutroniumcore32d.lib
c:\users\пользователь\source\repos\neutronium\bin\debug\neutroniumcore32d.exp
c:\users\пользователь\source\repos\neutronium\bin\debug\neutroniumcore32d.dll
c:\users\пользователь\source\repos\neutronium\neutroniumcore\debug\neutroniumcore32d.ilk
c:\users\пользователь\source\repos\neutronium\bin\debug\neutroniumcore32d.pdb
c:\users\пользователь\source\repos\neutronium\neutroniumcore\debug\neutroniumcore.tlog\cl.command.1.tlog
c:\users\пользователь\source\repos\neutronium\neutroniumcore\debug\neutroniumcore.tlog\cl.items.tlog
c:\users\пользователь\source\repos\neutronium\neutroniumcore\debug\neutroniumcore.tlog\cl.read.1.tlog
c:\users\пользователь\source\repos\neutronium\neutroniumcore\debug\neutroniumcore.tlog\cl.write.1.tlog
c:\users\пользователь\source\repos\neutronium\neutroniumcore\debug\neutroniumcore.tlog\link.command.1.tlog
c:\users\пользователь\source\repos\neutronium\neutroniumcore\debug\neutroniumcore.tlog\link.read.1.tlog
c:\users\пользователь\source\repos\neutronium\neutroniumcore\debug\neutroniumcore.tlog\link.write.1.tlog
c:\users\пользователь\source\repos\neutronium\neutroniumcore\debug\neutroniumcore.tlog\link.write.2u.tlog
