c:\users\пользователь\source\repos\neutronium\neutroniumgraphics\debug\vc143.pdb
c:\users\пользователь\source\repos\neutronium\neutroniumgraphics\debug\vc143.idb
c:\users\пользователь\source\repos\neutronium\neutroniumgraphics\debug\window.obj
c:\users\пользователь\source\repos\neutronium\neutroniumgraphics\debug\renderer.obj
c:\users\пользователь\source\repos\neutronium\neutroniumgraphics\debug\renderwindow.obj
c:\users\пользователь\source\repos\neutronium\neutroniumgraphics\debug\handlewindow.obj
c:\users\пользователь\source\repos\neutronium\neutroniumgraphics\debug\vertexarray.obj
c:\users\пользователь\source\repos\neutronium\neutroniumgraphics\debug\sprite.obj
c:\users\пользователь\source\repos\neutronium\neutroniumgraphics\debug\shader.obj
c:\users\пользователь\source\repos\neutronium\neutroniumgraphics\debug\texture.obj
c:\users\пользователь\source\repos\neutronium\neutroniumgraphics\debug\resourcemenager.obj
c:\users\пользователь\source\repos\neutronium\bin\debug\neutroniumgraphics32d.lib
c:\users\пользователь\source\repos\neutronium\bin\debug\neutroniumgraphics32d.exp
c:\users\пользователь\source\repos\neutronium\bin\debug\neutroniumgraphics32d.dll
c:\users\пользователь\source\repos\neutronium\neutroniumgraphics\debug\neutroniumgraphics32d.ilk
c:\users\пользователь\source\repos\neutronium\bin\debug\neutroniumgraphics32d.pdb
c:\users\пользователь\source\repos\neutronium\neutroniumgraphics\debug\neutroni.41eb0bee.tlog\cl.command.1.tlog
c:\users\пользователь\source\repos\neutronium\neutroniumgraphics\debug\neutroni.41eb0bee.tlog\cl.items.tlog
c:\users\пользователь\source\repos\neutronium\neutroniumgraphics\debug\neutroni.41eb0bee.tlog\cl.read.1.tlog
c:\users\пользователь\source\repos\neutronium\neutroniumgraphics\debug\neutroni.41eb0bee.tlog\cl.write.1.tlog
c:\users\пользователь\source\repos\neutronium\neutroniumgraphics\debug\neutroni.41eb0bee.tlog\link.command.1.tlog
c:\users\пользователь\source\repos\neutronium\neutroniumgraphics\debug\neutroni.41eb0bee.tlog\link.read.1.tlog
c:\users\пользователь\source\repos\neutronium\neutroniumgraphics\debug\neutroni.41eb0bee.tlog\link.write.1.tlog
c:\users\пользователь\source\repos\neutronium\neutroniumgraphics\debug\neutroni.41eb0bee.tlog\link.write.2u.tlog
