  Scanning sources for module dependencies...
  Source.cpp
C:\Users\Пользователь\source\repos\Neutronium\Include\Nt\Core\Utilities.h(28,1): warning C4005: 'Raise': macro redefinition
C:\Users\Пользователь\source\repos\Neutronium\Include\Nt\Core\Utilities.h(27,1): message : see previous definition of 'Raise'
C:\Users\Пользователь\source\repos\Neutronium\Include\Nt\Core\Serialization.h(10,42): warning C4100: 'ClassType': unreferenced formal parameter
C:\Users\Пользователь\source\repos\Neutronium\Include\Nt\Core\JSON\JSON.h(36,17): warning C4244: 'initializing': conversion from 'int' to 'char', possible loss of data
C:\Users\Пользователь\source\repos\Neutronium\Include\Nt\Core\JSON\JSON.h(89,181): warning C4100: 'CurrentValue': unreferenced formal parameter
C:\Users\Пользователь\source\repos\Neutronium\Include\Nt\Core\JSON\JSON.h(89,39): warning C4100: 'Iterator': unreferenced formal parameter
C:\Users\Пользователь\source\repos\Neutronium\Include\Nt\Core\JSON\JSON.h(117,181): warning C4100: 'CurrentValue': unreferenced formal parameter
C:\Users\Пользователь\source\repos\Neutronium\Include\Nt\Core\JSON\JSON.h(117,39): warning C4100: 'Iterator': unreferenced formal parameter
C:\Users\Пользователь\source\repos\Neutronium\Include\Nt\Core\JSON\JSON.h(141,95): warning C4100: 'Contaiters': unreferenced formal parameter
C:\Users\Пользователь\source\repos\Neutronium\Include\Nt\Graphics\Geometry.h(48,42): warning C4100: 'classType': unreferenced formal parameter
C:\Users\Пользователь\source\repos\Neutronium\Include\Nt\Graphics\GDI\GDI.h(57,60): warning C4100: 'mode': unreferenced formal parameter
C:\Users\Пользователь\source\repos\Neutronium\Include\Nt\Graphics\GDI\Bitmap.h(87,23): warning C4100: 'pData': unreferenced formal parameter
C:\Users\Пользователь\source\repos\Neutronium\Include\Nt\Graphics\WindowElements.h(19,135): warning C4100: 'dwRefData': unreferenced formal parameter
C:\Users\Пользователь\source\repos\Neutronium\Include\Nt\Graphics\WindowElements.h(19,112): warning C4100: 'uIdSubclass': unreferenced formal parameter
C:\Users\Пользователь\source\repos\Neutronium\Include\Nt\Graphics\WindowElements.h(41,134): warning C4100: 'dwRefData': unreferenced formal parameter
C:\Users\Пользователь\source\repos\Neutronium\Include\Nt\Graphics\WindowElements.h(41,111): warning C4100: 'uIdSubclass': unreferenced formal parameter
C:\Users\Пользователь\source\repos\Neutronium\Include\Nt\Graphics\WindowElements.h(52,133): warning C4100: 'dwRefData': unreferenced formal parameter
C:\Users\Пользователь\source\repos\Neutronium\Include\Nt\Graphics\WindowElements.h(52,110): warning C4100: 'uIdSubclass': unreferenced formal parameter
C:\Users\Пользователь\source\repos\Neutronium\Include\Nt\Graphics\WindowElements\TreeView.h(16,50): warning C4100: 'name': unreferenced formal parameter
C:\Users\Пользователь\source\repos\Neutronium\Include\Nt\Graphics\WindowElements\Button.h(73,51): warning C4100: 'dwRefData': unreferenced formal parameter
C:\Users\Пользователь\source\repos\Neutronium\Include\Nt\Graphics\WindowElements\Button.h(73,28): warning C4100: 'uIdSubclass': unreferenced formal parameter
C:\Users\Пользователь\source\repos\Neutronium\Include\Nt\Graphics\WindowElements\ComboBox.h(69,122): warning C4100: 'dwRefData': unreferenced formal parameter
C:\Users\Пользователь\source\repos\Neutronium\Include\Nt\Graphics\WindowElements\ComboBox.h(69,99): warning C4100: 'uIdSubclass': unreferenced formal parameter
C:\Users\Пользователь\source\repos\Neutronium\Include\Nt\Graphics\Window.h(139,46): warning C4100: 'pWindowStruct': unreferenced formal parameter
C:\Users\Пользователь\source\repos\Neutronium\Include\Nt\Graphics\Window.h(140,40): warning C4100: 'Size': unreferenced formal parameter
C:\Users\Пользователь\source\repos\Neutronium\Include\Nt\Graphics\Window.h(141,32): warning C4100: 'hdc': unreferenced formal parameter
C:\Users\Пользователь\source\repos\Neutronium\Include\Nt\Graphics\Window.h(144,48): warning C4100: 'paint': unreferenced formal parameter
C:\Users\Пользователь\source\repos\Neutronium\Include\Nt\Graphics\Window.h(144,30): warning C4100: 'hdc': unreferenced formal parameter
C:\Users\Пользователь\source\repos\Neutronium\Include\Nt\Graphics\Window.h(145,60): warning C4100: 'param_2': unreferenced formal parameter
C:\Users\Пользователь\source\repos\Neutronium\Include\Nt\Graphics\Window.h(145,39): warning C4100: 'param_1': unreferenced formal parameter
C:\Users\Пользователь\source\repos\Neutronium\Include\Nt\Graphics\Resources\Mesh.h(255,16): warning C4456: declaration of 'i' hides previous local declaration
C:\Users\Пользователь\source\repos\Neutronium\Include\Nt\Graphics\Resources\Mesh.h(164,9): message : see declaration of 'i'
C:\Users\Пользователь\source\repos\Neutronium\Include\Nt\Graphics\Model.h(8,15): warning C4245: 'initializing': conversion from 'int' to 'Nt::uInt', signed/unsigned mismatch
C:\Users\Пользователь\source\repos\Neutronium\Include\Nt\Graphics\Model.h(10,18): warning C4245: 'initializing': conversion from 'int' to 'Nt::uInt', signed/unsigned mismatch
C:\Users\Пользователь\source\repos\Neutronium\Include\Nt\Graphics\Model.h(15,18): warning C4245: 'initializing': conversion from 'int' to 'Nt::uInt', signed/unsigned mismatch
C:\Users\Пользователь\source\repos\Neutronium\Include\Nt\Graphics\Model.h(76,42): warning C4100: 'ClassType': unreferenced formal parameter
C:\Users\Пользователь\source\repos\Neutronium\Include\Nt\Graphics\Camera.h(38,33): warning C4100: 'pRenderer': unreferenced formal parameter
C:\Users\Пользователь\source\repos\Neutronium\Project1\Source.cpp(19,22): error C2039: 'PeekEvent': is not a member of 'Nt::Window'
C:\Users\Пользователь\source\repos\Neutronium\Include\Nt\Graphics\Window.h(31,8): message : see declaration of 'Nt::Window'
